==1270== Memcheck, a memory error detector
==1270== Copyright (C) 2002-2017, and GNU GPL'd, by Julian Seward et al.
==1270== Using Valgrind-3.15.0 and LibVEX; rerun with -h for copyright info
==1270== Command: ./monty bytecodes/00.m
==1270== Parent PID: 1136
==1270== 
==1270== 
==1270== HEAP SUMMARY:
==1270==     in use at exit: 472 bytes in 1 blocks
==1270==   total heap usage: 2 allocs, 1 frees, 4,568 bytes allocated
==1270== 
==1270== LEAK SUMMARY:
==1270==    definitely lost: 0 bytes in 0 blocks
==1270==    indirectly lost: 0 bytes in 0 blocks
==1270==      possibly lost: 0 bytes in 0 blocks
==1270==    still reachable: 472 bytes in 1 blocks
==1270==         suppressed: 0 bytes in 0 blocks
==1270== Reachable blocks (those to which a pointer was found) are not shown.
==1270== To see them, rerun with: --leak-check=full --show-leak-kinds=all
==1270== 
==1270== For lists of detected and suppressed errors, rerun with: -s
==1270== ERROR SUMMARY: 0 errors from 0 contexts (suppressed: 0 from 0)
